<?xml version="1.0" encoding="UTF-8"?>
<testng-results ignored="0" total="15" passed="15" failed="0" skipped="0">
  <reporter-output>
  </reporter-output>
  <suite started-at="2024-09-26T15:34:27 IST" name="Default suite" finished-at="2024-09-26T15:34:38 IST" duration-ms="10880">
    <groups>
    </groups>
    <test started-at="2024-09-26T15:34:27 IST" name="Default test" finished-at="2024-09-26T15:34:38 IST" duration-ms="10880">
      <class name="RequressAssignments.ReqressAllEndPoints">
        <test-method signature="create()[pri:0, instance:RequressAssignments.ReqressAllEndPoints@6a78afa0]" started-at="2024-09-26T15:34:27 IST" name="create" finished-at="2024-09-26T15:34:31 IST" duration-ms="3790" status="PASS">
          <reporter-output>
          </reporter-output>
        </test-method> <!-- create -->
        <test-method signature="delayResponse()[pri:0, instance:RequressAssignments.ReqressAllEndPoints@6a78afa0]" started-at="2024-09-26T15:34:31 IST" name="delayResponse" finished-at="2024-09-26T15:34:35 IST" duration-ms="3615" status="PASS">
          <reporter-output>
          </reporter-output>
        </test-method> <!-- delayResponse -->
        <test-method signature="delete()[pri:0, instance:RequressAssignments.ReqressAllEndPoints@6a78afa0]" started-at="2024-09-26T15:34:35 IST" name="delete" finished-at="2024-09-26T15:34:35 IST" duration-ms="373" status="PASS">
          <reporter-output>
          </reporter-output>
        </test-method> <!-- delete -->
        <test-method signature="listOfResourse()[pri:0, instance:RequressAssignments.ReqressAllEndPoints@6a78afa0]" started-at="2024-09-26T15:34:35 IST" name="listOfResourse" finished-at="2024-09-26T15:34:35 IST" duration-ms="73" status="PASS">
          <reporter-output>
          </reporter-output>
        </test-method> <!-- listOfResourse -->
        <test-method signature="listUsers()[pri:0, instance:RequressAssignments.ReqressAllEndPoints@6a78afa0]" started-at="2024-09-26T15:34:35 IST" name="listUsers" finished-at="2024-09-26T15:34:35 IST" duration-ms="63" status="PASS">
          <reporter-output>
          </reporter-output>
        </test-method> <!-- listUsers -->
        <test-method signature="loginSuccessfull()[pri:0, instance:RequressAssignments.ReqressAllEndPoints@6a78afa0]" started-at="2024-09-26T15:34:35 IST" name="loginSuccessfull" finished-at="2024-09-26T15:34:35 IST" duration-ms="359" status="PASS">
          <reporter-output>
          </reporter-output>
        </test-method> <!-- loginSuccessfull -->
        <test-method signature="loginUnSuccessfull()[pri:0, instance:RequressAssignments.ReqressAllEndPoints@6a78afa0]" started-at="2024-09-26T15:34:35 IST" name="loginUnSuccessfull" finished-at="2024-09-26T15:34:36 IST" duration-ms="365" status="PASS">
          <reporter-output>
          </reporter-output>
        </test-method> <!-- loginUnSuccessfull -->
        <test-method signature="registerSuccessfull()[pri:0, instance:RequressAssignments.ReqressAllEndPoints@6a78afa0]" started-at="2024-09-26T15:34:36 IST" name="registerSuccessfull" finished-at="2024-09-26T15:34:36 IST" duration-ms="385" status="PASS">
          <reporter-output>
          </reporter-output>
        </test-method> <!-- registerSuccessfull -->
        <test-method signature="registerUnSuccessfull()[pri:0, instance:RequressAssignments.ReqressAllEndPoints@6a78afa0]" started-at="2024-09-26T15:34:36 IST" name="registerUnSuccessfull" finished-at="2024-09-26T15:34:37 IST" duration-ms="388" status="PASS">
          <reporter-output>
          </reporter-output>
        </test-method> <!-- registerUnSuccessfull -->
        <test-method signature="singleResourse()[pri:0, instance:RequressAssignments.ReqressAllEndPoints@6a78afa0]" started-at="2024-09-26T15:34:37 IST" name="singleResourse" finished-at="2024-09-26T15:34:37 IST" duration-ms="71" status="PASS">
          <reporter-output>
          </reporter-output>
        </test-method> <!-- singleResourse -->
        <test-method signature="singleResourseNotFound()[pri:0, instance:RequressAssignments.ReqressAllEndPoints@6a78afa0]" started-at="2024-09-26T15:34:37 IST" name="singleResourseNotFound" finished-at="2024-09-26T15:34:37 IST" duration-ms="377" status="PASS">
          <reporter-output>
          </reporter-output>
        </test-method> <!-- singleResourseNotFound -->
        <test-method signature="singleUser()[pri:0, instance:RequressAssignments.ReqressAllEndPoints@6a78afa0]" started-at="2024-09-26T15:34:37 IST" name="singleUser" finished-at="2024-09-26T15:34:37 IST" duration-ms="57" status="PASS">
          <reporter-output>
          </reporter-output>
        </test-method> <!-- singleUser -->
        <test-method signature="singleUserNotFound()[pri:0, instance:RequressAssignments.ReqressAllEndPoints@6a78afa0]" started-at="2024-09-26T15:34:37 IST" name="singleUserNotFound" finished-at="2024-09-26T15:34:37 IST" duration-ms="70" status="PASS">
          <reporter-output>
          </reporter-output>
        </test-method> <!-- singleUserNotFound -->
        <test-method signature="update()[pri:0, instance:RequressAssignments.ReqressAllEndPoints@6a78afa0]" started-at="2024-09-26T15:34:37 IST" name="update" finished-at="2024-09-26T15:34:38 IST" duration-ms="370" status="PASS">
          <reporter-output>
          </reporter-output>
        </test-method> <!-- update -->
        <test-method signature="update1()[pri:0, instance:RequressAssignments.ReqressAllEndPoints@6a78afa0]" started-at="2024-09-26T15:34:38 IST" name="update1" finished-at="2024-09-26T15:34:38 IST" duration-ms="369" status="PASS">
          <reporter-output>
          </reporter-output>
        </test-method> <!-- update1 -->
      </class> <!-- RequressAssignments.ReqressAllEndPoints -->
    </test> <!-- Default test -->
  </suite> <!-- Default suite -->
</testng-results>
